\BOOKMARK [0][-]{chapter.1}{\376\377\000h\000e\000l\000p\000e\000r\000s\000\040\000p\000a\000c\000k\000a\000g\000e}{}% 1
\BOOKMARK [1][-]{section.1.1}{\376\377\000S\000u\000b\000m\000o\000d\000u\000l\000e\000s}{chapter.1}% 2
\BOOKMARK [1][-]{section.1.2}{\376\377\000h\000e\000l\000p\000e\000r\000s\000.\000b\000a\000s\000e\000c\000l\000a\000s\000s\000\040\000m\000o\000d\000u\000l\000e}{chapter.1}% 3
\BOOKMARK [1][-]{section.1.3}{\376\377\000h\000e\000l\000p\000e\000r\000s\000.\000c\000o\000n\000f\000i\000g\000\040\000m\000o\000d\000u\000l\000e}{chapter.1}% 4
\BOOKMARK [1][-]{section.1.4}{\376\377\000h\000e\000l\000p\000e\000r\000s\000.\000d\000e\000f\000a\000u\000l\000t\000\137\000y\000m\000l\000\040\000m\000o\000d\000u\000l\000e}{chapter.1}% 5
\BOOKMARK [1][-]{section.1.5}{\376\377\000h\000e\000l\000p\000e\000r\000s\000.\000g\000l\000o\000b\000e\000l\000s\000\040\000m\000o\000d\000u\000l\000e}{chapter.1}% 6
\BOOKMARK [1][-]{section.1.6}{\376\377\000h\000e\000l\000p\000e\000r\000s\000.\000p\000r\000i\000n\000t\000t\000o\000o\000l\000s\000\040\000m\000o\000d\000u\000l\000e}{chapter.1}% 7
\BOOKMARK [1][-]{section.1.7}{\376\377\000h\000e\000l\000p\000e\000r\000s\000.\000t\000o\000o\000l\000s\000\040\000m\000o\000d\000u\000l\000e}{chapter.1}% 8
\BOOKMARK [1][-]{section.1.8}{\376\377\000M\000o\000d\000u\000l\000e\000\040\000c\000o\000n\000t\000e\000n\000t\000s}{chapter.1}% 9
\BOOKMARK [0][-]{chapter.2}{\376\377\000m\000a\000c\000h\000i\000n\000e\000\040\000p\000a\000c\000k\000a\000g\000e}{}% 10
\BOOKMARK [1][-]{section.2.1}{\376\377\000S\000u\000b\000m\000o\000d\000u\000l\000e\000s}{chapter.2}% 11
\BOOKMARK [1][-]{section.2.2}{\376\377\000m\000a\000c\000h\000i\000n\000e\000.\000c\000r\000a\000y\000\040\000m\000o\000d\000u\000l\000e}{chapter.2}% 12
\BOOKMARK [1][-]{section.2.3}{\376\377\000m\000a\000c\000h\000i\000n\000e\000.\000l\000o\000c\000a\000l\000\040\000m\000o\000d\000u\000l\000e}{chapter.2}% 13
\BOOKMARK [1][-]{section.2.4}{\376\377\000m\000a\000c\000h\000i\000n\000e\000.\000m\000a\000c\000h\000i\000n\000e\000\040\000m\000o\000d\000u\000l\000e}{chapter.2}% 14
\BOOKMARK [1][-]{section.2.5}{\376\377\000M\000o\000d\000u\000l\000e\000\040\000c\000o\000n\000t\000e\000n\000t\000s}{chapter.2}% 15
\BOOKMARK [0][-]{chapter.3}{\376\377\000s\000a\000m\000p\000l\000i\000n\000g\000\040\000p\000a\000c\000k\000a\000g\000e}{}% 16
\BOOKMARK [1][-]{section.3.1}{\376\377\000S\000u\000b\000m\000o\000d\000u\000l\000e\000s}{chapter.3}% 17
\BOOKMARK [1][-]{section.3.2}{\376\377\000s\000a\000m\000p\000l\000i\000n\000g\000.\000s\000a\000m\000p\000l\000i\000n\000g\000\040\000m\000o\000d\000u\000l\000e}{chapter.3}% 18
\BOOKMARK [1][-]{section.3.3}{\376\377\000M\000o\000d\000u\000l\000e\000\040\000c\000o\000n\000t\000e\000n\000t\000s}{chapter.3}% 19
\BOOKMARK [0][-]{chapter.4}{\376\377\000s\000i\000m\000u\000l\000a\000t\000i\000o\000n\000\040\000p\000a\000c\000k\000a\000g\000e}{}% 20
\BOOKMARK [1][-]{section.4.1}{\376\377\000S\000u\000b\000m\000o\000d\000u\000l\000e\000s}{chapter.4}% 21
\BOOKMARK [1][-]{section.4.2}{\376\377\000s\000i\000m\000u\000l\000a\000t\000i\000o\000n\000.\000s\000i\000m\000u\000l\000a\000t\000i\000o\000n\000\040\000m\000o\000d\000u\000l\000e}{chapter.4}% 22
\BOOKMARK [1][-]{section.4.3}{\376\377\000M\000o\000d\000u\000l\000e\000\040\000c\000o\000n\000t\000e\000n\000t\000s}{chapter.4}% 23
\BOOKMARK [0][-]{chapter.5}{\376\377\000s\000o\000l\000v\000e\000r\000\040\000p\000a\000c\000k\000a\000g\000e}{}% 24
\BOOKMARK [1][-]{section.5.1}{\376\377\000S\000u\000b\000m\000o\000d\000u\000l\000e\000s}{chapter.5}% 25
\BOOKMARK [1][-]{section.5.2}{\376\377\000s\000o\000l\000v\000e\000r\000.\000f\000l\000e\000x\000i\000\040\000m\000o\000d\000u\000l\000e}{chapter.5}% 26
\BOOKMARK [1][-]{section.5.3}{\376\377\000s\000o\000l\000v\000e\000r\000.\000i\000n\000t\000e\000r\000n\000a\000l\000\040\000m\000o\000d\000u\000l\000e}{chapter.5}% 27
\BOOKMARK [1][-]{section.5.4}{\376\377\000s\000o\000l\000v\000e\000r\000.\000s\000o\000l\000v\000e\000r\000\040\000m\000o\000d\000u\000l\000e}{chapter.5}% 28
\BOOKMARK [1][-]{section.5.5}{\376\377\000M\000o\000d\000u\000l\000e\000\040\000c\000o\000n\000t\000e\000n\000t\000s}{chapter.5}% 29
\BOOKMARK [0][-]{chapter.6}{\376\377\000s\000t\000o\000c\000h\000v\000a\000r\000\040\000p\000a\000c\000k\000a\000g\000e}{}% 30
\BOOKMARK [1][-]{section.6.1}{\376\377\000S\000u\000b\000m\000o\000d\000u\000l\000e\000s}{chapter.6}% 31
\BOOKMARK [1][-]{section.6.2}{\376\377\000s\000t\000o\000c\000h\000v\000a\000r\000.\000s\000t\000o\000c\000h\000v\000a\000r\000\040\000m\000o\000d\000u\000l\000e}{chapter.6}% 32
\BOOKMARK [1][-]{section.6.3}{\376\377\000M\000o\000d\000u\000l\000e\000\040\000c\000o\000n\000t\000e\000n\000t\000s}{chapter.6}% 33
\BOOKMARK [0][-]{chapter.7}{\376\377\000u\000q\000m\000e\000t\000h\000o\000d\000\040\000p\000a\000c\000k\000a\000g\000e}{}% 34
\BOOKMARK [1][-]{section.7.1}{\376\377\000S\000u\000b\000m\000o\000d\000u\000l\000e\000s}{chapter.7}% 35
\BOOKMARK [1][-]{section.7.2}{\376\377\000u\000q\000m\000e\000t\000h\000o\000d\000.\000m\000l\000m\000c\000\040\000m\000o\000d\000u\000l\000e}{chapter.7}% 36
\BOOKMARK [1][-]{section.7.3}{\376\377\000u\000q\000m\000e\000t\000h\000o\000d\000.\000s\000c\000\040\000m\000o\000d\000u\000l\000e}{chapter.7}% 37
\BOOKMARK [1][-]{section.7.4}{\376\377\000u\000q\000m\000e\000t\000h\000o\000d\000.\000u\000q\000m\000e\000t\000h\000o\000d\000\040\000m\000o\000d\000u\000l\000e}{chapter.7}% 38
\BOOKMARK [1][-]{section.7.5}{\376\377\000M\000o\000d\000u\000l\000e\000\040\000c\000o\000n\000t\000e\000n\000t\000s}{chapter.7}% 39
\BOOKMARK [0][-]{chapter.8}{\376\377\000I\000n\000d\000i\000c\000e\000s\000\040\000a\000n\000d\000\040\000t\000a\000b\000l\000e\000s}{}% 40
\BOOKMARK [0][-]{section*.185}{\376\377\000P\000y\000t\000h\000o\000n\000\040\000M\000o\000d\000u\000l\000e\000\040\000I\000n\000d\000e\000x}{}% 41
\BOOKMARK [0][-]{section*.186}{\376\377\000I\000n\000d\000e\000x}{}% 42
